  tutorial1.cpp
  renderer.cpp
  shader.cpp
  mesh.cpp
  Generating Code...
mesh.obj : warning LNK4049: locally defined symbol ___glewActiveTexture imported
mesh.obj : warning LNK4049: locally defined symbol ___glewBindBuffer imported
mesh.obj : warning LNK4049: locally defined symbol ___glewBufferData imported
mesh.obj : warning LNK4049: locally defined symbol ___glewDeleteBuffers imported
mesh.obj : warning LNK4049: locally defined symbol ___glewGenBuffers imported
mesh.obj : warning LNK4049: locally defined symbol ___glewEnableVertexAttribArray imported
mesh.obj : warning LNK4049: locally defined symbol ___glewVertexAttribPointer imported
mesh.obj : warning LNK4049: locally defined symbol ___glewBindVertexArray imported
mesh.obj : warning LNK4049: locally defined symbol ___glewDeleteVertexArrays imported
mesh.obj : warning LNK4049: locally defined symbol ___glewGenVertexArrays imported
shader.obj : warning LNK4049: locally defined symbol ___glewAttachShader imported
shader.obj : warning LNK4049: locally defined symbol ___glewBindAttribLocation imported
shader.obj : warning LNK4049: locally defined symbol ___glewCompileShader imported
shader.obj : warning LNK4049: locally defined symbol ___glewCreateProgram imported
shader.obj : warning LNK4049: locally defined symbol ___glewCreateShader imported
shader.obj : warning LNK4049: locally defined symbol ___glewDeleteProgram imported
shader.obj : warning LNK4049: locally defined symbol ___glewDeleteShader imported
shader.obj : warning LNK4049: locally defined symbol ___glewDetachShader imported
shader.obj : warning LNK4049: locally defined symbol ___glewGetProgramiv imported
shader.obj : warning LNK4049: locally defined symbol ___glewGetShaderiv imported
shader.obj : warning LNK4049: locally defined symbol ___glewLinkProgram imported
shader.obj : warning LNK4049: locally defined symbol ___glewShaderSource imported
shader.obj : warning LNK4049: locally defined symbol ___glewGetInfoLogARB imported
renderer.obj : warning LNK4049: locally defined symbol ___glewUseProgram imported
  Tutorial1.vcxproj -> C:\Users\b6069733\VIsual Projects\CSC8502 Code 2018 (1)\CSC8502 Code 2018\Graphics For Games\Debug\Tutorial 01 - Your First Triangle.exe
  Tutorial1.vcxproj -> C:\Users\b6069733\VIsual Projects\CSC8502 Code 2018 (1)\CSC8502 Code 2018\Graphics For Games\Debug\Tutorial 01 - Your First Triangle.pdb (Partial PDB)
