c:\users\b6069733\visual projects\csc8502 code 2018 (1)\csc8502 code 2018\graphics for games\1) your first triangle\debug\vc141.pdb
c:\users\b6069733\visual projects\csc8502 code 2018 (1)\csc8502 code 2018\graphics for games\1) your first triangle\debug\vc141.idb
c:\users\b6069733\visual projects\csc8502 code 2018 (1)\csc8502 code 2018\graphics for games\1) your first triangle\debug\mesh.obj
c:\users\b6069733\visual projects\csc8502 code 2018 (1)\csc8502 code 2018\graphics for games\1) your first triangle\debug\shader.obj
c:\users\b6069733\visual projects\csc8502 code 2018 (1)\csc8502 code 2018\graphics for games\1) your first triangle\debug\renderer.obj
c:\users\b6069733\visual projects\csc8502 code 2018 (1)\csc8502 code 2018\graphics for games\1) your first triangle\debug\tutorial1.obj
c:\users\b6069733\visual projects\csc8502 code 2018 (1)\csc8502 code 2018\graphics for games\debug\tutorial 01 - your first triangle.ilk
c:\users\b6069733\visual projects\csc8502 code 2018 (1)\csc8502 code 2018\graphics for games\debug\tutorial 01 - your first triangle.exe
c:\users\b6069733\visual projects\csc8502 code 2018 (1)\csc8502 code 2018\graphics for games\debug\tutorial 01 - your first triangle.pdb
d:\visualstudioprojects\vvv\graphics for games\1) your first triangle\debug\mesh.obj
d:\visualstudioprojects\vvv\graphics for games\1) your first triangle\debug\renderer.obj
d:\visualstudioprojects\vvv\graphics for games\1) your first triangle\debug\shader.obj
d:\visualstudioprojects\vvv\graphics for games\1) your first triangle\debug\tutorial1.obj
d:\visualstudioprojects\vvv\graphics for games\1) your first triangle\debug\vc141.idb
d:\visualstudioprojects\vvv\graphics for games\1) your first triangle\debug\vc142.idb
d:\visualstudioprojects\vvv\graphics for games\1) your first triangle\debug\vc141.pdb
d:\visualstudioprojects\vvv\graphics for games\1) your first triangle\debug\vc142.pdb
d:\visualstudioprojects\vvv\graphics for games\debug\tutorial 01 - your first triangle.pdb
d:\visualstudioprojects\vvv\graphics for games\debug\tutorial 01 - your first triangle.exe
d:\visualstudioprojects\vvv\graphics for games\debug\tutorial 01 - your first triangle.ilk
d:\visualstudioprojects\vvv\graphics for games\1) your first triangle\debug\tutorial.061c02ad.tlog\cl.command.1.tlog
d:\visualstudioprojects\vvv\graphics for games\1) your first triangle\debug\tutorial.061c02ad.tlog\cl.read.1.tlog
d:\visualstudioprojects\vvv\graphics for games\1) your first triangle\debug\tutorial.061c02ad.tlog\cl.write.1.tlog
d:\visualstudioprojects\vvv\graphics for games\1) your first triangle\debug\tutorial.061c02ad.tlog\link.command.1.tlog
d:\visualstudioprojects\vvv\graphics for games\1) your first triangle\debug\tutorial.061c02ad.tlog\link.read.1.tlog
d:\visualstudioprojects\vvv\graphics for games\1) your first triangle\debug\tutorial.061c02ad.tlog\link.write.1.tlog
