d:\visualstudioprojects\vvv\nclgl\debug\nclgl.pdb
d:\visualstudioprojects\vvv\nclgl\debug\nclgl.idb
d:\visualstudioprojects\vvv\nclgl\debug\mouse.obj
d:\visualstudioprojects\vvv\nclgl\debug\keyboard.obj
d:\visualstudioprojects\vvv\nclgl\debug\gametimer.obj
c:\users\b6069733\visual projects\csc8502 code 2018 (1)\csc8502 code 2018\graphics for games\debug\nclgl.lib
d:\visualstudioprojects\vvv\nclgl\debug\camera.obj
d:\visualstudioprojects\vvv\nclgl\debug\frustum.obj
d:\visualstudioprojects\vvv\nclgl\debug\heightmap.obj
d:\visualstudioprojects\vvv\nclgl\debug\matrix4.obj
d:\visualstudioprojects\vvv\nclgl\debug\md5anim.obj
d:\visualstudioprojects\vvv\nclgl\debug\md5filedata.obj
d:\visualstudioprojects\vvv\nclgl\debug\md5mesh.obj
d:\visualstudioprojects\vvv\nclgl\debug\md5node.obj
d:\visualstudioprojects\vvv\nclgl\debug\mesh.obj
d:\visualstudioprojects\vvv\nclgl\debug\objmesh.obj
d:\visualstudioprojects\vvv\nclgl\debug\oglrenderer.obj
d:\visualstudioprojects\vvv\nclgl\debug\plane.obj
d:\visualstudioprojects\vvv\nclgl\debug\quaternion.obj
d:\visualstudioprojects\vvv\nclgl\debug\scenenode.obj
d:\visualstudioprojects\vvv\nclgl\debug\shader.obj
d:\visualstudioprojects\vvv\nclgl\debug\window.obj
d:\visualstudioprojects\vvv\graphics for games\debug\nclgl.pdb
d:\visualstudioprojects\vvv\graphics for games\debug\nclgl.lib
d:\visualstudioprojects\vvv\nclgl\debug\nclgl.tlog\cl.command.1.tlog
d:\visualstudioprojects\vvv\nclgl\debug\nclgl.tlog\cl.read.1.tlog
d:\visualstudioprojects\vvv\nclgl\debug\nclgl.tlog\cl.write.1.tlog
d:\visualstudioprojects\vvv\nclgl\debug\nclgl.tlog\lib-link.read.1.tlog
d:\visualstudioprojects\vvv\nclgl\debug\nclgl.tlog\lib-link.write.1.tlog
d:\visualstudioprojects\vvv\nclgl\debug\nclgl.tlog\lib.command.1.tlog
