d:\visualstudioprojects\vvv\graphics for games\graphics coursework\debug\vc142.pdb
d:\visualstudioprojects\vvv\graphics for games\graphics coursework\debug\vc142.idb
d:\visualstudioprojects\vvv\graphics for games\graphics coursework\debug\scene.obj
c:\users\b6069733\visual projects\csc8502 code 2018 (1)\csc8502 code 2018\graphics for games\debug\graphicscoursework.ilk
c:\users\b6069733\visual projects\csc8502 code 2018 (1)\csc8502 code 2018\graphics for games\debug\graphicscoursework.exe
c:\users\b6069733\visual projects\csc8502 code 2018 (1)\csc8502 code 2018\graphics for games\debug\graphicscoursework.pdb
d:\visualstudioprojects\vvv\graphics for games\graphics coursework\debug\main.obj
d:\visualstudioprojects\vvv\graphics for games\graphics coursework\debug\renderer.obj
d:\visualstudioprojects\vvv\graphics for games\graphics coursework\debug\textmesh.obj
d:\visualstudioprojects\vvv\graphics for games\graphics coursework\debug\vc141.idb
d:\visualstudioprojects\vvv\graphics for games\graphics coursework\debug\vc141.pdb
d:\visualstudioprojects\vvv\graphics for games\debug\graphicscoursework.pdb
d:\visualstudioprojects\vvv\graphics for games\debug\graphicscoursework.exe
d:\visualstudioprojects\vvv\graphics for games\debug\graphicscoursework.ilk
d:\visualstudioprojects\vvv\graphics for games\graphics coursework\debug\graphics.909a2cfc.tlog\cl.command.1.tlog
d:\visualstudioprojects\vvv\graphics for games\graphics coursework\debug\graphics.909a2cfc.tlog\cl.read.1.tlog
d:\visualstudioprojects\vvv\graphics for games\graphics coursework\debug\graphics.909a2cfc.tlog\cl.write.1.tlog
d:\visualstudioprojects\vvv\graphics for games\graphics coursework\debug\graphics.909a2cfc.tlog\link.command.1.tlog
d:\visualstudioprojects\vvv\graphics for games\graphics coursework\debug\graphics.909a2cfc.tlog\link.read.1.tlog
d:\visualstudioprojects\vvv\graphics for games\graphics coursework\debug\graphics.909a2cfc.tlog\link.write.1.tlog
