  main.cpp
  renderer.cpp
D:\VisualStudioProjects\vvv\Graphics For Games\Graphics Coursework\renderer.cpp(163,60): warning C4244:  'argumento': conversión de 'int' a 'const float'; posible pérdida de datos
D:\VisualStudioProjects\vvv\Graphics For Games\Graphics Coursework\renderer.cpp(281,60): warning C4244:  'argumento': conversión de 'int' a 'const float'; posible pérdida de datos
D:\VisualStudioProjects\vvv\Graphics For Games\Graphics Coursework\renderer.cpp(585,25): warning C4244:  'argumento': conversión de 'double' a 'GLsizei'; posible pérdida de datos
D:\VisualStudioProjects\vvv\Graphics For Games\Graphics Coursework\renderer.cpp(588,35): warning C4244:  'argumento': conversión de 'double' a 'GLsizei'; posible pérdida de datos
  scene.cpp
  TextMesh.cpp
  Generando código...
D:\VisualStudioProjects\vvv\Graphics For Games\Graphics Coursework\renderer.cpp(588,19): warning C4244:  'argumento': conversión de 'double' a 'GLint'; posible pérdida de datos
LINK : warning LNK4286: "___glewActiveTexture" importa el símbolo "glew32.lib(glew.obj)" definido en "renderer.obj"
LINK : warning LNK4286: "___glewGetUniformLocation" importa el símbolo "glew32.lib(glew.obj)" definido en "renderer.obj"
LINK : warning LNK4286: "___glewUniform1i" importa el símbolo "glew32.lib(glew.obj)" definido en "renderer.obj"
LINK : warning LNK4286: "___glewUniform2f" importa el símbolo "glew32.lib(glew.obj)" definido en "renderer.obj"
LINK : warning LNK4286: "___glewUniform3fv" importa el símbolo "glew32.lib(glew.obj)" definido en "renderer.obj"
LINK : warning LNK4286: "___glewUniform4fv" importa el símbolo "glew32.lib(glew.obj)" definido en "renderer.obj"
LINK : warning LNK4286: "___glewUniformMatrix4fv" importa el símbolo "glew32.lib(glew.obj)" definido en "renderer.obj"
LINK : warning LNK4286: "___glewUseProgram" importa el símbolo "glew32.lib(glew.obj)" definido en "renderer.obj"
LINK : warning LNK4286: "___glewBindFramebuffer" importa el símbolo "glew32.lib(glew.obj)" definido en "renderer.obj"
LINK : warning LNK4286: "___glewCheckFramebufferStatus" importa el símbolo "glew32.lib(glew.obj)" definido en "renderer.obj"
LINK : warning LNK4286: "___glewFramebufferTexture2D" importa el símbolo "glew32.lib(glew.obj)" definido en "renderer.obj"
LINK : warning LNK4286: "___glewGenFramebuffers" importa el símbolo "glew32.lib(glew.obj)" definido en "renderer.obj"
glew32.lib(glew.obj) : warning LNK4099: no se encontró PDB 'vc120.pdb' con 'glew32.lib(glew.obj)' o en 'D:\VisualStudioProjects\vvv\Graphics For Games\Debug\vc120.pdb'; se vinculará el objeto sin tener en cuenta información de depuración
  GraphicsCoursework.vcxproj -> D:\VisualStudioProjects\vvv\Graphics For Games\Debug\GraphicsCoursework.exe
